Determining if the pthread_create exist failed with the following output:
Change Dir: /home/hsy/桌面/new_new/a_miaosuan_v4.1/build2/CMakeFiles/CMakeTmp

Run Build Command:"/usr/bin/make" "cmTC_15960/fast"
/usr/bin/make -f CMakeFiles/cmTC_15960.dir/build.make CMakeFiles/cmTC_15960.dir/build
make[1]: 进入目录“/home/hsy/桌面/new_new/a_miaosuan_v4.1/build2/CMakeFiles/CMakeTmp”
Building C object CMakeFiles/cmTC_15960.dir/CheckSymbolExists.c.o
/usr/bin/cc    -o CMakeFiles/cmTC_15960.dir/CheckSymbolExists.c.o   -c /home/hsy/桌面/new_new/a_miaosuan_v4.1/build2/CMakeFiles/CMakeTmp/CheckSymbolExists.c
Linking C executable cmTC_15960
/usr/bin/cmake -E cmake_link_script CMakeFiles/cmTC_15960.dir/link.txt --verbose=1
/usr/bin/cc      CMakeFiles/cmTC_15960.dir/CheckSymbolExists.c.o  -o cmTC_15960 
CMakeFiles/cmTC_15960.dir/CheckSymbolExists.c.o：在函数‘main’中：
CheckSymbolExists.c:(.text+0x1b)：对‘pthread_create’未定义的引用
collect2: error: ld returned 1 exit status
CMakeFiles/cmTC_15960.dir/build.make:97: recipe for target 'cmTC_15960' failed
make[1]: *** [cmTC_15960] Error 1
make[1]: 离开目录“/home/hsy/桌面/new_new/a_miaosuan_v4.1/build2/CMakeFiles/CMakeTmp”
Makefile:126: recipe for target 'cmTC_15960/fast' failed
make: *** [cmTC_15960/fast] Error 2

File /home/hsy/桌面/new_new/a_miaosuan_v4.1/build2/CMakeFiles/CMakeTmp/CheckSymbolExists.c:
/* */
#include <pthread.h>

int main(int argc, char** argv)
{
  (void)argv;
#ifndef pthread_create
  return ((int*)(&pthread_create))[argc];
#else
  (void)argc;
  return 0;
#endif
}

